QQQ Puts Production Download Started: Fri Aug  8 14:49:54 CST 2025
Range: 2016-01-04 to 2025-08-07
Output: /Volumes/SSD 4TB/Theta Terminal/QQQ/2025-08-08
Processing year 2016...
14:49:54 Downloading 20161003...
✓ 20161003 complete (30B)
14:49:56 Downloading 20161004...
✓ 20161004 complete (30B)
14:49:57 Downloading 20161005...
✓ 20161005 complete (30B)
14:49:59 Downloading 20161006...
✓ 20161006 complete (30B)
14:50:01 Downloading 20161007...
✓ 20161007 complete (30B)
14:50:02 Downloading 20161010...
✓ 20161010 complete (30B)
14:50:04 Downloading 20161011...
✓ 20161011 complete (30B)
14:50:05 Downloading 20161012...
✓ 20161012 complete (30B)
14:50:07 Downloading 20161013...
✓ 20161013 complete (30B)
14:50:08 Downloading 20161014...
✓ 20161014 complete (30B)
14:50:10 Downloading 20161017...
✓ 20161017 complete (30B)
14:50:11 Downloading 20161018...
✓ 20161018 complete (30B)
14:50:13 Downloading 20161019...
✓ 20161019 complete (30B)
14:50:15 Downloading 20161020...
✓ 20161020 complete (30B)
14:50:16 Downloading 20161021...
✓ 20161021 complete (30B)
14:50:18 Downloading 20161024...
✓ 20161024 complete (30B)
14:50:19 Downloading 20161025...
✓ 20161025 complete (30B)
14:50:21 Downloading 20161026...
✓ 20161026 complete (30B)
14:50:22 Downloading 20161027...
✓ 20161027 complete (30B)
14:50:24 Downloading 20161028...
✓ 20161028 complete (30B)
Progress: 20 success, 0 failed, 0 skipped
Current date: 20161028
14:50:25 Downloading 20161031...
✓ 20161031 complete (30B)
14:50:27 Downloading 20161101...
✓ 20161101 complete (30B)
14:50:29 Downloading 20161102...
✓ 20161102 complete (30B)
14:50:30 Downloading 20161103...
✓ 20161103 complete (30B)
14:50:32 Downloading 20161104...
✓ 20161104 complete (30B)
14:50:33 Downloading 20161107...
✓ 20161107 complete (30B)
14:50:35 Downloading 20161108...
✓ 20161108 complete (30B)
14:50:36 Downloading 20161109...
✓ 20161109 complete (30B)
14:50:38 Downloading 20161110...
✓ 20161110 complete (30B)
14:50:40 Downloading 20161111...
✓ 20161111 complete (30B)
14:50:41 Downloading 20161114...
✓ 20161114 complete (30B)
14:50:43 Downloading 20161115...
✓ 20161115 complete (30B)
14:50:44 Downloading 20161116...
✓ 20161116 complete (30B)
14:50:46 Downloading 20161117...
✓ 20161117 complete (30B)
14:50:47 Downloading 20161118...
✓ 20161118 complete (30B)
14:50:49 Downloading 20161121...
✓ 20161121 complete (30B)
14:50:50 Downloading 20161122...
✓ 20161122 complete (30B)
14:50:52 Downloading 20161123...
✓ 20161123 complete (30B)
14:50:54 Downloading 20161124...
✓ 20161124 complete (30B)
14:50:55 Downloading 20161125...
✓ 20161125 complete (30B)
Progress: 40 success, 0 failed, 0 skipped
Current date: 20161125
14:50:57 Downloading 20161128...
✓ 20161128 complete (30B)
14:50:58 Downloading 20161129...
✓ 20161129 complete (30B)
14:51:00 Downloading 20161130...
✓ 20161130 complete (30B)
14:51:01 Downloading 20161201...
✓ 20161201 complete (30B)
14:51:03 Downloading 20161202...
✓ 20161202 complete (30B)
14:51:05 Downloading 20161205...
✓ 20161205 complete (30B)
14:51:06 Downloading 20161206...
✓ 20161206 complete (30B)
14:51:08 Downloading 20161207...
✓ 20161207 complete (30B)
14:51:09 Downloading 20161208...
✓ 20161208 complete (30B)
14:51:11 Downloading 20161209...
✓ 20161209 complete (30B)
14:51:12 Downloading 20161212...
✓ 20161212 complete (30B)
14:51:14 Downloading 20161213...
✓ 20161213 complete (30B)
14:51:15 Downloading 20161214...
✓ 20161214 complete (30B)
14:51:17 Downloading 20161215...
✓ 20161215 complete (30B)
14:51:19 Downloading 20161216...
✓ 20161216 complete (30B)
14:51:20 Downloading 20161219...
✓ 20161219 complete (30B)
14:51:22 Downloading 20161220...
✓ 20161220 complete (30B)
14:51:23 Downloading 20161221...
✓ 20161221 complete (30B)
14:51:25 Downloading 20161222...
✓ 20161222 complete (30B)
14:51:26 Downloading 20161223...
✓ 20161223 complete (30B)
Progress: 60 success, 0 failed, 0 skipped
Current date: 20161223
14:51:28 Downloading 20161226...
✓ 20161226 complete (30B)
14:51:30 Downloading 20161227...
✓ 20161227 complete (30B)
14:51:31 Downloading 20161228...
✓ 20161228 complete (30B)
14:51:33 Downloading 20161229...
✓ 20161229 complete (30B)
14:51:34 Downloading 20161230...
✓ 20161230 complete (30B)
Processing year 2017...
14:51:36 Downloading 20171002...
✓ 20171002 complete (30B)
14:51:37 Downloading 20171003...
✓ 20171003 complete (30B)
14:51:39 Downloading 20171004...
✓ 20171004 complete (30B)
14:51:41 Downloading 20171005...
✓ 20171005 complete (30B)
14:51:42 Downloading 20171006...
✓ 20171006 complete (30B)
14:51:44 Downloading 20171009...
✓ 20171009 complete (30B)
14:51:45 Downloading 20171010...
✓ 20171010 complete (30B)
14:51:47 Downloading 20171011...
✓ 20171011 complete (30B)
14:51:48 Downloading 20171012...
✓ 20171012 complete (30B)
14:51:50 Downloading 20171013...
✓ 20171013 complete (30B)
14:51:52 Downloading 20171016...
✓ 20171016 complete (30B)
14:51:53 Downloading 20171017...
✓ 20171017 complete (30B)
14:51:55 Downloading 20171018...
✓ 20171018 complete (30B)
14:51:56 Downloading 20171019...
✓ 20171019 complete (30B)
14:51:58 Downloading 20171020...
✓ 20171020 complete (30B)
Progress: 80 success, 0 failed, 0 skipped
Current date: 20171020
14:51:59 Downloading 20171023...
✓ 20171023 complete (30B)
14:52:01 Downloading 20171024...
✓ 20171024 complete (30B)
14:52:02 Downloading 20171025...
✓ 20171025 complete (30B)
14:52:04 Downloading 20171026...
✓ 20171026 complete (30B)
14:52:06 Downloading 20171027...
✓ 20171027 complete (30B)
14:52:07 Downloading 20171030...
✓ 20171030 complete (30B)
14:52:09 Downloading 20171031...
✓ 20171031 complete (30B)
14:52:10 Downloading 20171101...
✓ 20171101 complete (30B)
14:52:12 Downloading 20171102...
✓ 20171102 complete (30B)
14:52:13 Downloading 20171103...
✓ 20171103 complete (30B)
14:52:15 Downloading 20171106...
✓ 20171106 complete (30B)
14:52:17 Downloading 20171107...
✓ 20171107 complete (30B)
14:52:18 Downloading 20171108...
✓ 20171108 complete (30B)
14:52:20 Downloading 20171109...
✓ 20171109 complete (30B)
14:52:21 Downloading 20171110...
✓ 20171110 complete (30B)
14:52:23 Downloading 20171113...
✓ 20171113 complete (30B)
14:52:24 Downloading 20171114...
✓ 20171114 complete (30B)
14:52:26 Downloading 20171115...
✓ 20171115 complete (30B)
14:52:27 Downloading 20171116...
✓ 20171116 complete (30B)
14:52:29 Downloading 20171117...
✓ 20171117 complete (30B)
Progress: 100 success, 0 failed, 0 skipped
Current date: 20171117
14:52:31 Downloading 20171120...
✓ 20171120 complete (30B)
14:52:32 Downloading 20171121...
✓ 20171121 complete (30B)
14:52:34 Downloading 20171122...
✓ 20171122 complete (30B)
14:52:35 Downloading 20171123...
✓ 20171123 complete (30B)
14:52:37 Downloading 20171124...
✓ 20171124 complete (30B)
14:52:38 Downloading 20171127...
✓ 20171127 complete (30B)
14:52:40 Downloading 20171128...
✓ 20171128 complete (30B)
14:52:42 Downloading 20171129...
✓ 20171129 complete (30B)
14:52:43 Downloading 20171130...
✓ 20171130 complete (30B)
14:52:45 Downloading 20171201...
✓ 20171201 complete (30B)
14:52:46 Downloading 20171204...
✓ 20171204 complete (30B)
14:52:48 Downloading 20171205...
✓ 20171205 complete (30B)
14:52:49 Downloading 20171206...
✓ 20171206 complete (30B)
14:52:51 Downloading 20171207...
✓ 20171207 complete (30B)
14:52:52 Downloading 20171208...
✓ 20171208 complete (30B)
14:52:54 Downloading 20171211...
✓ 20171211 complete (30B)
14:52:56 Downloading 20171212...
✓ 20171212 complete (30B)
14:52:57 Downloading 20171213...
✓ 20171213 complete (30B)
14:52:59 Downloading 20171214...
✓ 20171214 complete (30B)
14:53:00 Downloading 20171215...
✓ 20171215 complete (30B)
Progress: 120 success, 0 failed, 0 skipped
Current date: 20171215
14:53:02 Downloading 20171218...
✓ 20171218 complete (30B)
14:53:03 Downloading 20171219...
✓ 20171219 complete (30B)
14:53:05 Downloading 20171220...
✓ 20171220 complete (30B)
14:53:07 Downloading 20171221...
✓ 20171221 complete (30B)
14:53:08 Downloading 20171222...
✓ 20171222 complete (30B)
14:53:10 Downloading 20171225...
✓ 20171225 complete (30B)
14:53:11 Downloading 20171226...
✓ 20171226 complete (30B)
14:53:13 Downloading 20171227...
✓ 20171227 complete (30B)
14:53:14 Downloading 20171228...
✓ 20171228 complete (30B)
14:53:16 Downloading 20171229...
✓ 20171229 complete (30B)
Processing year 2018...
14:53:18 Downloading 20181001...
✓ 20181001 complete (30B)
14:53:19 Downloading 20181002...
✓ 20181002 complete (30B)
14:53:21 Downloading 20181003...
✓ 20181003 complete (30B)
14:53:22 Downloading 20181004...
✓ 20181004 complete (30B)
14:53:24 Downloading 20181005...
✓ 20181005 complete (30B)
14:53:25 Downloading 20181008...
✓ 20181008 complete (30B)
14:53:27 Downloading 20181009...
✓ 20181009 complete (30B)
14:53:28 Downloading 20181010...
✓ 20181010 complete (30B)
14:53:30 Downloading 20181011...
✓ 20181011 complete (30B)
14:53:32 Downloading 20181012...
✓ 20181012 complete (30B)
Progress: 140 success, 0 failed, 0 skipped
Current date: 20181012
14:53:33 Downloading 20181015...
✓ 20181015 complete (30B)
14:53:35 Downloading 20181016...
✓ 20181016 complete (30B)
14:53:36 Downloading 20181017...
✓ 20181017 complete (30B)
14:53:38 Downloading 20181018...
✓ 20181018 complete (30B)
14:53:39 Downloading 20181019...
✓ 20181019 complete (30B)
14:53:41 Downloading 20181022...
✓ 20181022 complete (30B)
14:53:43 Downloading 20181023...
✓ 20181023 complete (30B)
14:53:44 Downloading 20181024...
✓ 20181024 complete (30B)
14:53:46 Downloading 20181025...
✓ 20181025 complete (30B)
14:53:47 Downloading 20181026...
✓ 20181026 complete (30B)
14:53:49 Downloading 20181029...
✓ 20181029 complete (30B)
14:53:50 Downloading 20181030...
✓ 20181030 complete (30B)
14:53:52 Downloading 20181031...
✓ 20181031 complete (30B)
14:53:53 Downloading 20181101...
✓ 20181101 complete (30B)
14:53:55 Downloading 20181102...
✓ 20181102 complete (30B)
14:53:57 Downloading 20181105...
✓ 20181105 complete (30B)
14:53:58 Downloading 20181106...
✓ 20181106 complete (30B)
14:54:00 Downloading 20181107...
✓ 20181107 complete (30B)
14:54:01 Downloading 20181108...
✓ 20181108 complete (30B)
14:54:03 Downloading 20181109...
✓ 20181109 complete (30B)
Progress: 160 success, 0 failed, 0 skipped
Current date: 20181109
14:54:04 Downloading 20181112...
✓ 20181112 complete (30B)
14:54:06 Downloading 20181113...
✓ 20181113 complete (30B)
14:54:08 Downloading 20181114...
✓ 20181114 complete (30B)
14:54:09 Downloading 20181115...
✓ 20181115 complete (30B)
14:54:11 Downloading 20181116...
✓ 20181116 complete (30B)
14:54:12 Downloading 20181119...
✓ 20181119 complete (30B)
14:54:14 Downloading 20181120...
✓ 20181120 complete (30B)
14:54:15 Downloading 20181121...
✓ 20181121 complete (30B)
14:54:17 Downloading 20181122...
✓ 20181122 complete (30B)
14:54:18 Downloading 20181123...
✓ 20181123 complete (30B)
14:54:20 Downloading 20181126...
✓ 20181126 complete (30B)
14:54:22 Downloading 20181127...
✓ 20181127 complete (30B)
14:54:23 Downloading 20181128...
✓ 20181128 complete (30B)
14:54:25 Downloading 20181129...
✓ 20181129 complete (30B)
14:54:26 Downloading 20181130...
✓ 20181130 complete (30B)
14:54:28 Downloading 20181203...
✓ 20181203 complete (30B)
14:54:29 Downloading 20181204...
✓ 20181204 complete (30B)
14:54:31 Downloading 20181205...
✓ 20181205 complete (30B)
14:54:33 Downloading 20181206...
✓ 20181206 complete (30B)
14:54:34 Downloading 20181207...
✓ 20181207 complete (30B)
Progress: 180 success, 0 failed, 0 skipped
Current date: 20181207
14:54:36 Downloading 20181210...
✓ 20181210 complete (30B)
14:54:37 Downloading 20181211...
✓ 20181211 complete (30B)
14:54:39 Downloading 20181212...
✓ 20181212 complete (30B)
14:54:40 Downloading 20181213...
✓ 20181213 complete (30B)
14:54:42 Downloading 20181214...
✓ 20181214 complete (30B)
14:54:44 Downloading 20181217...
✓ 20181217 complete (30B)
14:54:45 Downloading 20181218...
✓ 20181218 complete (30B)
14:54:47 Downloading 20181219...
✓ 20181219 complete (30B)
14:54:48 Downloading 20181220...
✓ 20181220 complete (30B)
14:54:50 Downloading 20181221...
✓ 20181221 complete (30B)
14:54:51 Downloading 20181224...
✓ 20181224 complete (30B)
14:54:53 Downloading 20181225...
✓ 20181225 complete (30B)
14:54:54 Downloading 20181226...
✓ 20181226 complete (30B)
14:54:56 Downloading 20181227...
✓ 20181227 complete (30B)
14:54:58 Downloading 20181228...
✓ 20181228 complete (30B)
14:54:59 Downloading 20181231...
✓ 20181231 complete (30B)
Processing year 2019...
14:55:01 Downloading 20191001...
✓ 20191001 complete (30B)
14:55:02 Downloading 20191002...
✓ 20191002 complete (30B)
14:55:04 Downloading 20191003...
✓ 20191003 complete (30B)
14:55:05 Downloading 20191004...
✓ 20191004 complete (30B)
Progress: 200 success, 0 failed, 0 skipped
Current date: 20191004
14:55:07 Downloading 20191007...
✓ 20191007 complete (30B)
14:55:09 Downloading 20191008...
✓ 20191008 complete (30B)
14:55:10 Downloading 20191009...
✓ 20191009 complete (30B)
14:55:12 Downloading 20191010...
✓ 20191010 complete (30B)
14:55:13 Downloading 20191011...
✓ 20191011 complete (30B)
14:55:15 Downloading 20191014...
✓ 20191014 complete (30B)
14:55:16 Downloading 20191015...
✓ 20191015 complete (30B)
14:55:18 Downloading 20191016...
✓ 20191016 complete (30B)
14:55:19 Downloading 20191017...
✓ 20191017 complete (30B)
14:55:21 Downloading 20191018...
✓ 20191018 complete (30B)
14:55:23 Downloading 20191021...
✓ 20191021 complete (30B)
14:55:24 Downloading 20191022...
✓ 20191022 complete (30B)
14:55:26 Downloading 20191023...
✓ 20191023 complete (30B)
14:55:27 Downloading 20191024...
✓ 20191024 complete (30B)
14:55:29 Downloading 20191025...
✓ 20191025 complete (30B)
14:55:30 Downloading 20191028...
✓ 20191028 complete (30B)
14:55:32 Downloading 20191029...
✓ 20191029 complete (30B)
14:55:34 Downloading 20191030...
✓ 20191030 complete (30B)
14:55:35 Downloading 20191031...
✓ 20191031 complete (30B)
14:55:37 Downloading 20191101...
✓ 20191101 complete (30B)
Progress: 220 success, 0 failed, 0 skipped
Current date: 20191101
14:55:38 Downloading 20191104...
✓ 20191104 complete (30B)
14:55:40 Downloading 20191105...
✓ 20191105 complete (30B)
14:55:41 Downloading 20191106...
✓ 20191106 complete (30B)
14:55:43 Downloading 20191107...
✓ 20191107 complete (30B)
14:55:44 Downloading 20191108...
✓ 20191108 complete (30B)
14:55:46 Downloading 20191111...
✓ 20191111 complete (30B)
14:55:48 Downloading 20191112...
✓ 20191112 complete (30B)
14:55:49 Downloading 20191113...
✓ 20191113 complete (30B)
14:55:51 Downloading 20191114...
✓ 20191114 complete (30B)
14:55:52 Downloading 20191115...
✓ 20191115 complete (30B)
14:55:54 Downloading 20191118...
✓ 20191118 complete (30B)
14:55:55 Downloading 20191119...
✓ 20191119 complete (30B)
14:55:57 Downloading 20191120...
✓ 20191120 complete (30B)
14:55:58 Downloading 20191121...
✓ 20191121 complete (30B)
14:56:00 Downloading 20191122...
✓ 20191122 complete (30B)
14:56:02 Downloading 20191125...
✓ 20191125 complete (30B)
14:56:03 Downloading 20191126...
✓ 20191126 complete (30B)
14:56:05 Downloading 20191127...
✓ 20191127 complete (30B)
14:56:06 Downloading 20191128...
✓ 20191128 complete (30B)
14:56:08 Downloading 20191129...
✓ 20191129 complete (30B)
Progress: 240 success, 0 failed, 0 skipped
Current date: 20191129
14:56:09 Downloading 20191202...
✓ 20191202 complete (30B)
14:56:11 Downloading 20191203...
✓ 20191203 complete (30B)
14:56:12 Downloading 20191204...
✓ 20191204 complete (30B)
14:56:14 Downloading 20191205...
✓ 20191205 complete (30B)
14:56:16 Downloading 20191206...
✓ 20191206 complete (30B)
14:56:17 Downloading 20191209...
✓ 20191209 complete (30B)
14:56:19 Downloading 20191210...
✓ 20191210 complete (30B)
14:56:20 Downloading 20191211...
✓ 20191211 complete (30B)
14:56:22 Downloading 20191212...
✓ 20191212 complete (30B)
14:56:23 Downloading 20191213...
✓ 20191213 complete (30B)
14:56:25 Downloading 20191216...
✓ 20191216 complete (30B)
14:56:26 Downloading 20191217...
✓ 20191217 complete (30B)
14:56:28 Downloading 20191218...
✓ 20191218 complete (30B)
14:56:30 Downloading 20191219...
✓ 20191219 complete (30B)
14:56:31 Downloading 20191220...
✓ 20191220 complete (30B)
14:56:33 Downloading 20191223...
✓ 20191223 complete (30B)
14:56:34 Downloading 20191224...
✓ 20191224 complete (30B)
14:56:36 Downloading 20191225...
✓ 20191225 complete (30B)
14:56:37 Downloading 20191226...
✓ 20191226 complete (30B)
14:56:39 Downloading 20191227...
✓ 20191227 complete (30B)
Progress: 260 success, 0 failed, 0 skipped
Current date: 20191227
14:56:40 Downloading 20191230...
✓ 20191230 complete (30B)
14:56:42 Downloading 20191231...
✓ 20191231 complete (30B)
Processing year 2020...
14:56:44 Downloading 20201001...
✓ 20201001 complete (30B)
14:56:45 Downloading 20201002...
✓ 20201002 complete (30B)
14:56:47 Downloading 20201005...
✓ 20201005 complete (30B)
14:56:48 Downloading 20201006...
✓ 20201006 complete (30B)
14:56:50 Downloading 20201007...
✓ 20201007 complete (30B)
14:56:51 Downloading 20201008...
✓ 20201008 complete (30B)
14:56:53 Downloading 20201009...
✓ 20201009 complete (30B)
14:56:54 Downloading 20201012...
✓ 20201012 complete (30B)
14:56:56 Downloading 20201013...
✓ 20201013 complete (30B)
14:56:58 Downloading 20201014...
✓ 20201014 complete (30B)
14:56:59 Downloading 20201015...
✓ 20201015 complete (30B)
14:57:01 Downloading 20201016...
✓ 20201016 complete (30B)
14:57:02 Downloading 20201019...
✓ 20201019 complete (30B)
14:57:04 Downloading 20201020...
✓ 20201020 complete (30B)
14:57:05 Downloading 20201021...
✓ 20201021 complete (30B)
14:57:07 Downloading 20201022...
✓ 20201022 complete (30B)
14:57:08 Downloading 20201023...
✓ 20201023 complete (30B)
14:57:10 Downloading 20201026...
✓ 20201026 complete (30B)
Progress: 280 success, 0 failed, 0 skipped
Current date: 20201026
14:57:12 Downloading 20201027...
✓ 20201027 complete (30B)
14:57:13 Downloading 20201028...
✓ 20201028 complete (30B)
14:57:15 Downloading 20201029...
✓ 20201029 complete (30B)
14:57:16 Downloading 20201030...
✓ 20201030 complete (30B)
14:57:18 Downloading 20201102...
✓ 20201102 complete (30B)
14:57:19 Downloading 20201103...
✓ 20201103 complete (30B)
14:57:21 Downloading 20201104...
✓ 20201104 complete (30B)
14:57:22 Downloading 20201105...
✓ 20201105 complete (30B)
14:57:24 Downloading 20201106...
✓ 20201106 complete (30B)
14:57:26 Downloading 20201109...
✓ 20201109 complete (30B)
14:57:27 Downloading 20201110...
✓ 20201110 complete (30B)
14:57:29 Downloading 20201111...
✓ 20201111 complete (30B)
14:57:30 Downloading 20201112...
✓ 20201112 complete (30B)
14:57:32 Downloading 20201113...
✓ 20201113 complete (30B)
14:57:33 Downloading 20201116...
✓ 20201116 complete (30B)
14:57:35 Downloading 20201117...
✓ 20201117 complete (30B)
14:57:36 Downloading 20201118...
✓ 20201118 complete (30B)
14:57:38 Downloading 20201119...
✓ 20201119 complete (30B)
14:57:40 Downloading 20201120...
✓ 20201120 complete (30B)
14:57:41 Downloading 20201123...
✓ 20201123 complete (30B)
Progress: 300 success, 0 failed, 0 skipped
Current date: 20201123
14:57:43 Downloading 20201124...
✓ 20201124 complete (30B)
14:57:44 Downloading 20201125...
✓ 20201125 complete (30B)
14:57:46 Downloading 20201126...
✓ 20201126 complete (30B)
14:57:47 Downloading 20201127...
✓ 20201127 complete (30B)
14:57:49 Downloading 20201130...
✓ 20201130 complete (30B)
14:57:51 Downloading 20201201...
✓ 20201201 complete (30B)
14:57:52 Downloading 20201202...
✓ 20201202 complete (30B)
14:57:54 Downloading 20201203...
✓ 20201203 complete (30B)
14:57:55 Downloading 20201204...
✓ 20201204 complete (30B)
14:57:57 Downloading 20201207...
✓ 20201207 complete (30B)
14:57:58 Downloading 20201208...
✓ 20201208 complete (30B)
14:58:00 Downloading 20201209...
✓ 20201209 complete (30B)
14:58:01 Downloading 20201210...
✓ 20201210 complete (30B)
14:58:03 Downloading 20201211...
✓ 20201211 complete (30B)
14:58:05 Downloading 20201214...
✓ 20201214 complete (30B)
14:58:06 Downloading 20201215...
✓ 20201215 complete (30B)
14:58:08 Downloading 20201216...
✓ 20201216 complete (30B)
14:58:09 Downloading 20201217...
✓ 20201217 complete (30B)
14:58:11 Downloading 20201218...
✓ 20201218 complete (30B)
14:58:12 Downloading 20201221...
✓ 20201221 complete (30B)
Progress: 320 success, 0 failed, 0 skipped
Current date: 20201221
14:58:14 Downloading 20201222...
✓ 20201222 complete (30B)
14:58:15 Downloading 20201223...
✓ 20201223 complete (30B)
14:58:17 Downloading 20201224...
✓ 20201224 complete (30B)
14:58:19 Downloading 20201225...
✓ 20201225 complete (30B)
14:58:20 Downloading 20201228...
✓ 20201228 complete (30B)
14:58:22 Downloading 20201229...
✓ 20201229 complete (30B)
14:58:23 Downloading 20201230...
✓ 20201230 complete (30B)
14:58:25 Downloading 20201231...
✓ 20201231 complete (30B)
Processing year 2021...
14:58:26 Downloading 20211001...
✓ 20211001 complete (30B)
14:58:28 Downloading 20211004...
✓ 20211004 complete (30B)
14:58:30 Downloading 20211005...
✓ 20211005 complete (30B)
14:58:31 Downloading 20211006...
✓ 20211006 complete (30B)
14:58:33 Downloading 20211007...
✓ 20211007 complete (30B)
14:58:34 Downloading 20211008...
✓ 20211008 complete (30B)
14:58:36 Downloading 20211011...
✓ 20211011 complete (30B)
14:58:37 Downloading 20211012...
✓ 20211012 complete (30B)
14:58:39 Downloading 20211013...
✓ 20211013 complete (30B)
14:58:41 Downloading 20211014...
✓ 20211014 complete (30B)
14:58:42 Downloading 20211015...
✓ 20211015 complete (30B)
14:58:44 Downloading 20211018...
✓ 20211018 complete (30B)
Progress: 340 success, 0 failed, 0 skipped
Current date: 20211018
14:58:45 Downloading 20211019...
✓ 20211019 complete (30B)
14:58:47 Downloading 20211020...
✓ 20211020 complete (30B)
14:58:48 Downloading 20211021...
✓ 20211021 complete (30B)
14:58:50 Downloading 20211022...
✓ 20211022 complete (30B)
14:58:51 Downloading 20211025...
✓ 20211025 complete (30B)
14:58:53 Downloading 20211026...
✓ 20211026 complete (30B)
14:58:55 Downloading 20211027...
✓ 20211027 complete (30B)
14:58:56 Downloading 20211028...
✓ 20211028 complete (30B)
14:58:58 Downloading 20211029...
✓ 20211029 complete (30B)
14:58:59 Downloading 20211101...
✓ 20211101 complete (30B)
14:59:01 Downloading 20211102...
✓ 20211102 complete (30B)
14:59:02 Downloading 20211103...
✓ 20211103 complete (30B)
14:59:04 Downloading 20211104...
✓ 20211104 complete (30B)
14:59:06 Downloading 20211105...
✓ 20211105 complete (30B)
14:59:07 Downloading 20211108...
✓ 20211108 complete (30B)
14:59:09 Downloading 20211109...
✓ 20211109 complete (30B)
14:59:10 Downloading 20211110...
✓ 20211110 complete (30B)
14:59:12 Downloading 20211111...
✓ 20211111 complete (30B)
14:59:13 Downloading 20211112...
✓ 20211112 complete (30B)
14:59:15 Downloading 20211115...
✓ 20211115 complete (30B)
Progress: 360 success, 0 failed, 0 skipped
Current date: 20211115
14:59:16 Downloading 20211116...
✓ 20211116 complete (30B)
14:59:18 Downloading 20211117...
✓ 20211117 complete (30B)
14:59:20 Downloading 20211118...
✓ 20211118 complete (30B)
14:59:21 Downloading 20211119...
✓ 20211119 complete (30B)
14:59:23 Downloading 20211122...
✓ 20211122 complete (30B)
14:59:24 Downloading 20211123...
✓ 20211123 complete (30B)
14:59:26 Downloading 20211124...
✓ 20211124 complete (30B)
14:59:27 Downloading 20211125...
✓ 20211125 complete (30B)
14:59:29 Downloading 20211126...
✓ 20211126 complete (30B)
14:59:31 Downloading 20211129...
✓ 20211129 complete (30B)
14:59:32 Downloading 20211130...
✓ 20211130 complete (30B)
14:59:34 Downloading 20211201...
✓ 20211201 complete (30B)
14:59:35 Downloading 20211202...
✓ 20211202 complete (30B)
14:59:37 Downloading 20211203...
✓ 20211203 complete (30B)
14:59:38 Downloading 20211206...
✓ 20211206 complete (30B)
14:59:40 Downloading 20211207...
✓ 20211207 complete (30B)
14:59:41 Downloading 20211208...
✓ 20211208 complete (30B)
14:59:43 Downloading 20211209...
✓ 20211209 complete (30B)
14:59:45 Downloading 20211210...
✓ 20211210 complete (30B)
14:59:46 Downloading 20211213...
✓ 20211213 complete (30B)
Progress: 380 success, 0 failed, 0 skipped
Current date: 20211213
14:59:48 Downloading 20211214...
✓ 20211214 complete (30B)
14:59:49 Downloading 20211215...
✓ 20211215 complete (30B)
14:59:51 Downloading 20211216...
✓ 20211216 complete (30B)
14:59:52 Downloading 20211217...
✓ 20211217 complete (30B)
14:59:54 Downloading 20211220...
✓ 20211220 complete (30B)
14:59:56 Downloading 20211221...
✓ 20211221 complete (30B)
14:59:57 Downloading 20211222...
✓ 20211222 complete (30B)
14:59:59 Downloading 20211223...
✓ 20211223 complete (30B)
15:00:00 Downloading 20211224...
✓ 20211224 complete (30B)
15:00:02 Downloading 20211227...
✓ 20211227 complete (30B)
15:00:03 Downloading 20211228...
✓ 20211228 complete (30B)
15:00:05 Downloading 20211229...
✓ 20211229 complete (30B)
15:00:06 Downloading 20211230...
✓ 20211230 complete (30B)
15:00:08 Downloading 20211231...
✓ 20211231 complete (30B)
Processing year 2022...
15:00:10 Downloading 20221003...
✓ 20221003 complete (196M)
15:00:44 Downloading 20221004...
